<?xml version="1.0" encoding="UTF-8"?>
<!-- Generated by org.testng.reporters.JUnitXMLReporter -->
<testsuite ignored="0" hostname="DESKTOP-H0PI4DT" failures="3" tests="13" name="Test" time="32.894" errors="0" timestamp="2023-04-11T15:50:19 IST">
  <testcase classname="retryExample.AmazonTest_Priority" name="login" time="0.01"/>
  <testcase classname="retryExample.AmazonTest_Priority" name="addItems" time="0.003"/>
  <testcase classname="retryExample.AmazonTest_Priority" name="cancelOrder" time="0.017">
    <skipped/>
  </testcase> <!-- cancelOrder -->
  <testcase classname="retryExample.AmazonTest_Priority" name="cancelOrder" time="0.004">
    <skipped/>
  </testcase> <!-- cancelOrder -->
  <testcase classname="retryExample.AmazonTest_Priority" name="cancelOrder" time="0.004">
    <failure type="java.lang.AssertionError" message="expected [true] but found [false]">
      <![CDATA[java.lang.AssertionError: expected [true] but found [false]
at retryExample.AmazonTest_Priority.cancelOrder(AmazonTest_Priority.java:35)
at java.base/java.util.ArrayList.forEach(ArrayList.java:1511)
... Removed 31 stack frames]]>
    </failure>
  </testcase> <!-- cancelOrder -->
  <testcase classname="retryExample.AmazonTest_Priority" name="payment" time="0.005">
    <skipped/>
  </testcase> <!-- payment -->
  <testcase classname="retryExample.AmazonTest_Priority" name="payment" time="0.003">
    <skipped/>
  </testcase> <!-- payment -->
  <testcase classname="retryExample.AmazonTest_Priority" name="payment" time="0.005">
    <failure type="java.lang.AssertionError" message="expected [true] but found [false]">
      <![CDATA[java.lang.AssertionError: expected [true] but found [false]
at retryExample.AmazonTest_Priority.payment(AmazonTest_Priority.java:44)
at java.base/java.util.ArrayList.forEach(ArrayList.java:1511)
... Removed 31 stack frames]]>
    </failure>
  </testcase> <!-- payment -->
  <testcase classname="retryExample.AmazonTest_Priority" name="logout" time="0.003"/>
  <testcase classname="exercise.HRMLogin_Locator" name="verifyLogin" time="10.692"/>
  <testcase classname="exercise.HRMLogin_Locator" name="verifyLogout" time="5.187">
    <skipped/>
  </testcase> <!-- verifyLogout -->
  <testcase classname="exercise.HRMLogin_Locator" name="verifyLogout" time="5.104">
    <skipped/>
  </testcase> <!-- verifyLogout -->
  <testcase classname="exercise.HRMLogin_Locator" name="verifyLogout" time="5.11">
    <failure type="org.openqa.selenium.NoSuchElementException" message="no such element: Unable to locate element: {&amp;quot;method&amp;quot;:&amp;quot;link text&amp;quot;,&amp;quot;selector&amp;quot;:&amp;quot;SopraLogout&amp;quot;}
  (Session info: chrome=112.0.5615.50)
For documentation on this error, please visit: https://www.seleniumhq.org/exceptions/no_such_element.html
Build info: version: &amp;apos;3.141.59&amp;apos;, revision: &amp;apos;e82be7d358&amp;apos;, time: &amp;apos;2018-11-14T08:17:03&amp;apos;
System info: host: &amp;apos;DESKTOP-H0PI4DT&amp;apos;, ip: &amp;apos;192.168.1.5&amp;apos;, os.name: &amp;apos;Windows 10&amp;apos;, os.arch: &amp;apos;amd64&amp;apos;, os.version: &amp;apos;10.0&amp;apos;, java.version: &amp;apos;16.0.2&amp;apos;
Driver info: org.openqa.selenium.chrome.ChromeDriver
Capabilities {acceptInsecureCerts: false, browserName: chrome, browserVersion: 112.0.5615.50, chrome: {chromedriverVersion: 112.0.5615.49 (bd2a7bcb881c..., userDataDir: C:\Users\Act\AppData\Local\...}, goog:chromeOptions: {debuggerAddress: localhost:54288}, javascriptEnabled: true, networkConnectionEnabled: false, pageLoadStrategy: normal, platform: WINDOWS, platformName: WINDOWS, proxy: Proxy(), setWindowRect: true, strictFileInteractability: false, timeouts: {implicit: 0, pageLoad: 300000, script: 30000}, unhandledPromptBehavior: dismiss and notify, webauthn:extension:credBlob: true, webauthn:extension:largeBlob: true, webauthn:extension:minPinLength: true, webauthn:extension:prf: true, webauthn:virtualAuthenticators: true}
Session ID: 4d9d783bfcbb992a72852f634fdcd515
*** Element info: {Using=link text, value=SopraLogout}">
      <![CDATA[org.openqa.selenium.NoSuchElementException: no such element: Unable to locate element: {"method":"link text","selector":"SopraLogout"}
  (Session info: chrome=112.0.5615.50)
For documentation on this error, please visit: https://www.seleniumhq.org/exceptions/no_such_element.html
Build info: version: '3.141.59', revision: 'e82be7d358', time: '2018-11-14T08:17:03'
System info: host: 'DESKTOP-H0PI4DT', ip: '192.168.1.5', os.name: 'Windows 10', os.arch: 'amd64', os.version: '10.0', java.version: '16.0.2'
Driver info: org.openqa.selenium.chrome.ChromeDriver
Capabilities {acceptInsecureCerts: false, browserName: chrome, browserVersion: 112.0.5615.50, chrome: {chromedriverVersion: 112.0.5615.49 (bd2a7bcb881c..., userDataDir: C:\Users\Act\AppData\Local\...}, goog:chromeOptions: {debuggerAddress: localhost:54288}, javascriptEnabled: true, networkConnectionEnabled: false, pageLoadStrategy: normal, platform: WINDOWS, platformName: WINDOWS, proxy: Proxy(), setWindowRect: true, strictFileInteractability: false, timeouts: {implicit: 0, pageLoad: 300000, script: 30000}, unhandledPromptBehavior: dismiss and notify, webauthn:extension:credBlob: true, webauthn:extension:largeBlob: true, webauthn:extension:minPinLength: true, webauthn:extension:prf: true, webauthn:virtualAuthenticators: true}
Session ID: 4d9d783bfcbb992a72852f634fdcd515
*** Element info: {Using=link text, value=SopraLogout}
at org.openqa.selenium.remote.http.W3CHttpResponseCodec.createException(W3CHttpResponseCodec.java:187)
at org.openqa.selenium.remote.http.W3CHttpResponseCodec.decode(W3CHttpResponseCodec.java:122)
at org.openqa.selenium.remote.http.W3CHttpResponseCodec.decode(W3CHttpResponseCodec.java:49)
at org.openqa.selenium.remote.HttpCommandExecutor.execute(HttpCommandExecutor.java:158)
at org.openqa.selenium.remote.service.DriverCommandExecutor.execute(DriverCommandExecutor.java:83)
at org.openqa.selenium.remote.RemoteWebDriver.execute(RemoteWebDriver.java:552)
at org.openqa.selenium.remote.RemoteWebDriver.findElement(RemoteWebDriver.java:323)
at org.openqa.selenium.remote.RemoteWebDriver.findElementByLinkText(RemoteWebDriver.java:380)
at org.openqa.selenium.By$ByLinkText.findElement(By.java:220)
at org.openqa.selenium.remote.RemoteWebDriver.findElement(RemoteWebDriver.java:315)
at exercise.HRMLogin_Locator.verifyLogout(HRMLogin_Locator.java:122)
at java.base/java.util.ArrayList.forEach(ArrayList.java:1511)
... Removed 32 stack frames]]>
    </failure>
  </testcase> <!-- verifyLogout -->
</testsuite> <!-- Test -->
